\BOOKMARK [0][-]{chapter.1}{Data}{}% 1
\BOOKMARK [1][-]{section.1.1}{}{chapter.1}% 2
\BOOKMARK [0][-]{chapter.2}{Transformations of Functions}{}% 3
\BOOKMARK [1][-]{section.2.1}{}{chapter.2}% 4
\BOOKMARK [0][-]{chapter.3}{Combining Functions}{}% 5
\BOOKMARK [1][-]{section.3.1}{}{chapter.3}% 6
\BOOKMARK [0][-]{chapter.4}{Exponential Functions}{}% 7
\BOOKMARK [1][-]{section.4.1}{Recursive Functions}{chapter.4}% 8
\BOOKMARK [1][-]{section.4.2}{Using Recursion to Understand Loans and Investments}{chapter.4}% 9
\BOOKMARK [0][-]{chapter.5}{Logarithmic Functions}{}% 10
\BOOKMARK [1][-]{section.5.1}{}{chapter.5}% 11
\BOOKMARK [0][-]{chapter.6}{Parametric Functions}{}% 12
\BOOKMARK [1][-]{section.6.1}{}{chapter.6}% 13
\BOOKMARK [0][-]{chapter.7}{Intro to Trigonometric Functions}{}% 14
\BOOKMARK [1][-]{section.7.1}{}{chapter.7}% 15
\BOOKMARK [0][-]{chapter.8}{More Trigonometric Functions}{}% 16
\BOOKMARK [1][-]{section.8.1}{}{chapter.8}% 17
\BOOKMARK [0][-]{chapter.9}{Combinations of Functions}{}% 18
\BOOKMARK [1][-]{section.9.1}{}{chapter.9}% 19
\BOOKMARK [0][-]{chapter.10}{Matrices}{}% 20
\BOOKMARK [1][-]{section.10.1}{}{chapter.10}% 21
